kube-dns
total 92K
drwxr-xr-x   1 root root 4.0K Feb  2 16:42 .
drwxr-xr-x   1 root root 4.0K Feb  2 16:42 ..
-rwxr-xr-x   1 root root    0 Feb  2 16:42 .dockerenv
-rw-r--r--   1 root root  12K Dec  5 01:37 anaconda-post.log
lrwxrwxrwx   1 root root    7 Dec  5 01:36 bin -> usr/bin
drwxr-xr-x  10 root root 2.8K Feb  2 16:42 dev
drwxr-xr-x   1 root root 4.0K Feb  2 16:42 etc
drwxr-xr-x   2 root root 4.0K Apr 11  2018 home
-rwxr-xr-x   1 root root  857 Jan  1  1970 install.sh
-rw-r--r--   1 root root 2.1K Jan  1  1970 install.yaml
-rw-r--r--   1 root root 5.6K Jan  1  1970 kubeconfig.kubeconfig
lrwxrwxrwx   1 root root    7 Dec  5 01:36 lib -> usr/lib
lrwxrwxrwx   1 root root    9 Dec  5 01:36 lib64 -> usr/lib64
drwxr-xr-x   2 root root 4.0K Apr 11  2018 media
drwxr-xr-x   2 root root 4.0K Apr 11  2018 mnt
-rw-r--r--   1 root root    8 Jan  1  1970 namespace-file
-rw-r--r--   1 root root  157 Jan  1  1970 namespace.yaml
drwxr-xr-x   2 root root 4.0K Apr 11  2018 opt
-rw-r--r--   1 root root  635 Jan  1  1970 param-file.txt
-rw-r--r--   1 root root    0 Jan  1  1970 privileged-sa-list.txt
dr-xr-xr-x 212 root root    0 Feb  2 16:36 proc
-rw-r--r--   1 root root    0 Jan  1  1970 rbac.yaml
dr-xr-x---   1 root root 4.0K Jan  3 15:55 root
drwxr-xr-x   1 root root 4.0K Jan 13 08:33 run
lrwxrwxrwx   1 root root    8 Dec  5 01:36 sbin -> usr/sbin
drwxr-xr-x   2 root root 4.0K Apr 11  2018 srv
dr-xr-xr-x  13 root root    0 Feb  2 16:42 sys
drwxrwxrwt   1 root root 4.0K Jan 13 08:33 tmp
drwxr-xr-x   1 root root 4.0K Dec  5 01:36 usr
drwxr-xr-x   1 root root 4.0K Dec  5 01:36 var
namespace "kube-dns" created
daemonset.extensions "kube-dns" created
serviceaccount "kube-dns" created
service "kube-dns" created
