openshift-web-console-operator
total 92K
drwxr-xr-x   1 root root 4.0K Feb  3 00:03 .
drwxr-xr-x   1 root root 4.0K Feb  3 00:03 ..
-rwxr-xr-x   1 root root    0 Feb  3 00:03 .dockerenv
-rw-r--r--   1 root root  12K Dec  5 01:37 anaconda-post.log
lrwxrwxrwx   1 root root    7 Dec  5 01:36 bin -> usr/bin
drwxr-xr-x  10 root root 2.8K Feb  3 00:03 dev
drwxr-xr-x   1 root root 4.0K Feb  3 00:03 etc
drwxr-xr-x   2 root root 4.0K Apr 11  2018 home
-rwxr-xr-x   1 root root  857 Jan  1  1970 install.sh
-rw-r--r--   1 root root 2.8K Jan  1  1970 install.yaml
-rw-r--r--   1 root root 5.6K Jan  1  1970 kubeconfig.kubeconfig
lrwxrwxrwx   1 root root    7 Dec  5 01:36 lib -> usr/lib
lrwxrwxrwx   1 root root    9 Dec  5 01:36 lib64 -> usr/lib64
drwxr-xr-x   2 root root 4.0K Apr 11  2018 media
drwxr-xr-x   2 root root 4.0K Apr 11  2018 mnt
-rw-r--r--   1 root root   24 Jan  1  1970 namespace-file
-rw-r--r--   1 root root    0 Jan  1  1970 namespace.yaml
drwxr-xr-x   2 root root 4.0K Apr 11  2018 opt
-rw-r--r--   1 root root  199 Jan  1  1970 param-file.txt
-rw-r--r--   1 root root    0 Jan  1  1970 privileged-sa-list.txt
dr-xr-xr-x 285 root root    0 Feb  2 23:53 proc
-rw-r--r--   1 root root  460 Jan  1  1970 rbac.yaml
dr-xr-x---   1 root root 4.0K Jan  3 15:55 root
drwxr-xr-x   1 root root 4.0K Jan 13 08:33 run
lrwxrwxrwx   1 root root    8 Dec  5 01:36 sbin -> usr/sbin
drwxr-xr-x   2 root root 4.0K Apr 11  2018 srv
dr-xr-xr-x  13 root root    0 Feb  3 00:02 sys
drwxrwxrwt   1 root root 4.0K Jan 13 08:33 tmp
drwxr-xr-x   1 root root 4.0K Dec  5 01:36 usr
drwxr-xr-x   1 root root 4.0K Dec  5 01:36 var
namespace "openshift-core-operators" configured
clusterrolebinding.rbac.authorization.k8s.io "system:openshift:operator:web-console" reconciled
customresourcedefinition.apiextensions.k8s.io "openshiftwebconsoleconfigs.webconsole.operator.openshift.io" configured
configmap "openshift-web-console-operator-config" unchanged
deployment.apps "openshift-web-console-operator" configured
serviceaccount "openshift-web-console-operator" unchanged
openshiftwebconsoleconfig.webconsole.operator.openshift.io "instance" configured
