total 96K
drwxr-xr-x   1 root root 4.0K Feb  3 00:03 .
drwxr-xr-x   1 root root 4.0K Feb  3 00:03 ..
-rwxr-xr-x   1 root root    0 Feb  3 00:03 .dockerenv
-rw-r--r--   1 root root  12K Dec  5 01:37 anaconda-post.log
-rwxr-xr-x   1 root root  182 Jan  1  1970 apply.sh
lrwxrwxrwx   1 root root    7 Dec  5 01:36 bin -> usr/bin
drwxr-xr-x  10 root root 2.8K Feb  3 00:03 dev
drwxr-xr-x   1 root root 4.0K Feb  3 00:03 etc
drwxr-xr-x   2 root root 4.0K Apr 11  2018 home
-rw-r--r--   1 root root 5.6K Jan  1  1970 kubeconfig.kubeconfig
lrwxrwxrwx   1 root root    7 Dec  5 01:36 lib -> usr/lib
lrwxrwxrwx   1 root root    9 Dec  5 01:36 lib64 -> usr/lib64
-rw-r--r--   1 root root  13K Jan  1  1970 list.yaml
drwxr-xr-x   2 root root 4.0K Apr 11  2018 media
drwxr-xr-x   2 root root 4.0K Apr 11  2018 mnt
-rw-r--r--   1 root root    9 Jan  1  1970 namespace-file
drwxr-xr-x   2 root root 4.0K Apr 11  2018 opt
dr-xr-xr-x 295 root root    0 Feb  2 23:53 proc
dr-xr-x---   1 root root 4.0K Jan  3 15:55 root
drwxr-xr-x   1 root root 4.0K Jan 13 08:33 run
lrwxrwxrwx   1 root root    8 Dec  5 01:36 sbin -> usr/sbin
drwxr-xr-x   2 root root 4.0K Apr 11  2018 srv
dr-xr-xr-x  13 root root    0 Feb  3 00:02 sys
drwxrwxrwt   1 root root 4.0K Jan 13 08:33 tmp
drwxr-xr-x   1 root root 4.0K Dec  5 01:36 usr
drwxr-xr-x   1 root root 4.0K Dec  5 01:36 var
template.template.openshift.io "mongodb-persistent" unchanged
